<?xml version="1.0" encoding="UTF-8"?>
<!-- Generated by org.testng.reporters.JUnitReportReporter -->
<testsuite hostname="DESKTOP-1TD6IV9" failures="0" tests="1" name="com.maven.Create_Org" time="1.356" errors="0" timestamp="2023-01-18T13:00:17 IST" skipped="0">
  <testcase classname="com.maven.Create_Org" name="connectDB" time="1.356"/>
  <system-out/>
</testsuite> <!-- com.maven.Create_Org -->
