<?xml version="1.0" encoding="UTF-8"?>
<!-- Generated by org.testng.reporters.JUnitReportReporter -->
<testsuite hostname="DESKTOP-1TD6IV9" failures="0" tests="2" name="com.maven.Profile_module" time="0.002" errors="0" timestamp="2023-01-18T13:00:17 IST" skipped="0">
  <testcase classname="com.maven.Profile_module" name="deletePhoto" time="0.001"/>
  <system-out/>
  <testcase classname="com.maven.Profile_module" name="addPhoto" time="0.001"/>
  <system-out/>
</testsuite> <!-- com.maven.Profile_module -->
